Log file open, 03/04/19 07:47:49
LogWindows: Failed to load 'aqProf.dll' (GetLastError=126)
LogWindows: File 'aqProf.dll' does not exist
LogWindows: Failed to load 'VtuneApi.dll' (GetLastError=126)
LogWindows: File 'VtuneApi.dll' does not exist
LogWindows: Failed to load 'VtuneApi32e.dll' (GetLastError=126)
LogWindows: File 'VtuneApi32e.dll' does not exist
LogConsoleResponse: Display: Failed to find resolution value strings in scalability ini. Falling back to default.
LogInit: Display: Running engine for game: Tutorial
LogPakFile: Registered encryption key '00000000000000000000000000000000': 0 pak files mounted, 0 remain pending
LogPlatformFile: Not using cached read wrapper
LogTaskGraph: Started task graph with 5 named threads and 23 total threads with 3 sets of task threads.
LogStats: Stats thread started at 0.413069
LogD3D11RHI: Loaded GFSDK_Aftermath_Lib.x64.dll
LogICUInternationalization: ICU TimeZone Detection - Raw Offset: +1:00, Platform Override: ''
LogPluginManager: Mounting plugin Paper2D
LogPluginManager: Mounting plugin AISupport
LogPluginManager: Mounting plugin LightPropagationVolume
LogPluginManager: Mounting plugin ActorLayerUtilities
LogPluginManager: Mounting plugin CLionSourceCodeAccess
LogPluginManager: Mounting plugin CodeLiteSourceCodeAccess
LogPluginManager: Mounting plugin GitSourceControl
LogPluginManager: Mounting plugin KDevelopSourceCodeAccess
LogPluginManager: Mounting plugin NullSourceCodeAccess
LogPluginManager: Mounting plugin PerforceSourceControl
LogPluginManager: Mounting plugin SubversionSourceControl
LogPluginManager: Mounting plugin UObjectPlugin
LogPluginManager: Mounting plugin VisualStudioCodeSourceCodeAccess
LogPluginManager: Mounting plugin VisualStudioSourceCodeAccess
LogPluginManager: Mounting plugin XCodeSourceCodeAccess
LogPluginManager: Mounting plugin AssetManagerEditor
LogPluginManager: Mounting plugin CryptoKeys
LogPluginManager: Mounting plugin DataValidation
LogPluginManager: Mounting plugin FacialAnimation
LogPluginManager: Mounting plugin GameplayTagsEditor
LogPluginManager: Mounting plugin MacGraphicsSwitching
LogPluginManager: Mounting plugin MeshEditor
LogPluginManager: Mounting plugin MobileLauncherProfileWizard
LogPluginManager: Mounting plugin PluginBrowser
LogPluginManager: Mounting plugin SpeedTreeImporter
LogPluginManager: Mounting plugin DatasmithContent
LogPluginManager: Mounting plugin VariantManagerContent
LogPluginManager: Mounting plugin AlembicImporter
LogPluginManager: Mounting plugin AppleImageUtils
LogPluginManager: Mounting plugin AppleVision
LogPluginManager: Mounting plugin BackChannel
LogPluginManager: Mounting plugin CharacterAI
LogPluginManager: Mounting plugin GeometryCache
LogPluginManager: Mounting plugin HTML5Networking
LogPluginManager: Mounting plugin ProxyLODPlugin
LogPluginManager: Mounting plugin MagicLeap
LogPluginManager: Mounting plugin MagicLeapMedia
LogPluginManager: Mounting plugin AndroidMedia
LogPluginManager: Mounting plugin AvfMedia
LogPluginManager: Mounting plugin ImgMedia
LogPluginManager: Mounting plugin LinearTimecode
LogPluginManager: Mounting plugin MediaCompositing
LogPluginManager: Mounting plugin MediaPlayerEditor
LogPluginManager: Mounting plugin WebMMedia
LogPluginManager: Mounting plugin WmfMedia
LogPluginManager: Mounting plugin TcpMessaging
LogPluginManager: Mounting plugin UdpMessaging
LogPluginManager: Mounting plugin ActorSequence
LogPluginManager: Mounting plugin LevelSequenceEditor
LogPluginManager: Mounting plugin MatineeToLevelSequence
LogPluginManager: Mounting plugin NetcodeUnitTest
LogPluginManager: Mounting plugin NUTUnrealEngine4
LogPluginManager: Mounting plugin OnlineSubsystemGooglePlay
LogPluginManager: Mounting plugin OnlineSubsystemIOS
LogPluginManager: Mounting plugin OnlineSubsystem
LogPluginManager: Mounting plugin OnlineSubsystemNull
LogPluginManager: Mounting plugin OnlineSubsystemUtils
LogPluginManager: Mounting plugin LauncherChunkInstaller
LogPluginManager: Mounting plugin AndroidDeviceProfileSelector
LogPluginManager: Mounting plugin AndroidMoviePlayer
LogPluginManager: Mounting plugin AndroidPermission
LogPluginManager: Mounting plugin AppleMoviePlayer
LogPluginManager: Mounting plugin ArchVisCharacter
LogPluginManager: Mounting plugin AudioCapture
LogPluginManager: Mounting plugin CableComponent
LogPluginManager: Mounting plugin CustomMeshComponent
LogPluginManager: Mounting plugin EditableMesh
LogPluginManager: Mounting plugin ExampleDeviceProfileSelector
LogPluginManager: Mounting plugin Firebase
LogPluginManager: Mounting plugin GoogleCloudMessaging
LogPluginManager: Mounting plugin IOSDeviceProfileSelector
LogPluginManager: Mounting plugin LinuxDeviceProfileSelector
LogPluginManager: Mounting plugin LocationServicesBPLibrary
LogPluginManager: Mounting plugin MobilePatchingUtils
LogPluginManager: Mounting plugin OculusVR
LogPluginManager: Mounting plugin PhysXVehicles
LogPluginManager: Mounting plugin ProceduralMeshComponent
LogPluginManager: Mounting plugin RuntimePhysXCooking
LogPluginManager: Mounting plugin SteamVR
LogPluginManager: Mounting plugin WebMMoviePlayer
LogPluginManager: Mounting plugin WindowsMoviePlayer
LogStreaming: Display: Took  0.151s to configure plugins.
LogInit: Using libcurl 7.55.1-DEV
LogInit:  - built for x86_64-pc-win32
LogInit:  - supports SSL with OpenSSL/1.0.2h
LogInit:  - supports HTTP deflate (compression) using libz 1.2.8
LogInit:  - other features:
LogInit:      CURL_VERSION_SSL
LogInit:      CURL_VERSION_LIBZ
LogInit:      CURL_VERSION_IPV6
LogInit:      CURL_VERSION_ASYNCHDNS
LogInit:      CURL_VERSION_LARGEFILE
LogInit:      CURL_VERSION_IDN
LogInit:  CurlRequestOptions (configurable via config and command line):
LogInit:  - bVerifyPeer = true  - Libcurl will verify peer certificate
LogInit:  - bUseHttpProxy = false  - Libcurl will NOT use HTTP proxy
LogInit:  - bDontReuseConnections = false  - Libcurl will reuse connections
LogInit:  - MaxHostConnections = 16  - Libcurl will limit the number of connections to a host
LogInit:  - LocalHostAddr = Default
LogInit:  - BufferSize = 65536
LogInit: WinSock: version 1.1 (2.2), MaxSocks=32767, MaxUdp=65467
LogInit: Build: ++UE4+Release-4.21-CL-4753647
LogInit: Engine Version: 4.21.2-4753647+++UE4+Release-4.21
LogInit: Compatible Engine Version: 4.21.0-4541578+++UE4+Release-4.21
LogInit: Net CL: 4541578
LogInit: OS: Windows 10 (), CPU: Intel(R) Core(TM) i7-4710HQ CPU @ 2.50GHz, GPU: Intel(R) HD Graphics 4600
LogInit: Compiled (64-bit): Jan 19 2019 02:07:31
LogInit: Compiled with Visual C++: 19.13.26129.00
LogInit: Build Configuration: Development
LogInit: Branch Name: ++UE4+Release-4.21
LogInit: Command Line:  -skipcompile
LogInit: Base Directory: C:/Program Files/Epic Games/UE_4.21/Engine/Binaries/Win64/
LogInit: Installed Engine Build: 1
LogDevObjectVersion: Number of dev versions registered: 22
LogDevObjectVersion:   Dev-Blueprints (B0D832E4-1F89-4F0D-ACCF-7EB736FD4AA2): 10
LogDevObjectVersion:   Dev-Build (E1C64328-A22C-4D53-A36C-8E866417BD8C): 0
LogDevObjectVersion:   Dev-Core (375EC13C-06E4-48FB-B500-84F0262A717E): 2
LogDevObjectVersion:   Dev-Editor (E4B068ED-F494-42E9-A231-DA0B2E46BB41): 26
LogDevObjectVersion:   Dev-Framework (CFFC743F-43B0-4480-9391-14DF171D2073): 34
LogDevObjectVersion:   Dev-Mobile (B02B49B5-BB20-44E9-A304-32B752E40360): 2
LogDevObjectVersion:   Dev-Networking (A4E4105C-59A1-49B5-A7C5-40C4547EDFEE): 0
LogDevObjectVersion:   Dev-Online (39C831C9-5AE6-47DC-9A44-9C173E1C8E7C): 0
LogDevObjectVersion:   Dev-Physics (78F01B33-EBEA-4F98-B9B4-84EACCB95AA2): 0
LogDevObjectVersion:   Dev-Platform (6631380F-2D4D-43E0-8009-CF276956A95A): 0
LogDevObjectVersion:   Dev-Rendering (12F88B9F-8875-4AFC-A67C-D90C383ABD29): 27
LogDevObjectVersion:   Dev-Sequencer (7B5AE74C-D270-4C10-A958-57980B212A5A): 9
LogDevObjectVersion:   Dev-VR (D7296918-1DD6-4BDD-9DE2-64A83CC13884): 2
LogDevObjectVersion:   Dev-LoadTimes (C2A15278-BFE7-4AFE-6C17-90FF531DF755): 1
LogDevObjectVersion:   Private-Geometry (6EACA3D4-40EC-4CC1-B786-8BED09428FC5): 3
LogDevObjectVersion:   Dev-AnimPhys (29E575DD-E0A3-4627-9D10-D276232CDCEA): 17
LogDevObjectVersion:   Dev-Anim (AF43A65D-7FD3-4947-9873-3E8ED9C1BB05): 2
LogDevObjectVersion:   Dev-ReflectionCapture (6B266CEC-1EC7-4B8F-A30B-E4D90942FC07): 1
LogDevObjectVersion:   Dev-Automation (0DF73D61-A23F-47EA-B727-89E90C41499A): 1
LogDevObjectVersion:   FortniteMain (601D1886-AC64-4F84-AA16-D3DE0DEAC7D6): 17
LogDevObjectVersion:   Dev-Enterprise (9DFFBCD6-494F-0158-E221-12823C92A888): 4
LogDevObjectVersion:   Dev-Niagara (F2AED0AC-9AFE-416F-8664-AA7FFA26D6FC): 1
LogStreaming: Display: Took  0.001s to delete old logs.
LogInit: Presizing for max 8388607 objects, including 0 objects not considered by GC, pre-allocating 0 bytes for permanent pool.
LogInit: Object subsystem initialized
LogConfig: Setting CVar [[con.DebugEarlyDefault:1]]
LogConfig: Setting CVar [[r.setres:1280x720]]
[2019.03.04-06.47.49:769][  0]LogConfig: Setting CVar [[r.VSync:0]]
[2019.03.04-06.47.49:769][  0]LogConfig: Setting CVar [[r.RHICmdBypass:0]]
[2019.03.04-06.47.49:769][  0]LogConfig: Applying CVar settings from Section [/Script/Engine.RendererSettings] File [C:/Users/takki/Documents/UnrealTutorial/Tutorial/Saved/Config/Windows/Engine.ini]
[2019.03.04-06.47.49:769][  0]LogConfig: Setting CVar [[r.GPUCrashDebugging:0]]
[2019.03.04-06.47.49:770][  0]LogConfig: Applying CVar settings from Section [/Script/Engine.RendererOverrideSettings] File [C:/Users/takki/Documents/UnrealTutorial/Tutorial/Saved/Config/Windows/Engine.ini]
[2019.03.04-06.47.49:770][  0]LogConfig: Applying CVar settings from Section [/Script/Engine.StreamingSettings] File [C:/Users/takki/Documents/UnrealTutorial/Tutorial/Saved/Config/Windows/Engine.ini]
[2019.03.04-06.47.49:770][  0]LogConfig: Setting CVar [[s.MinBulkDataSizeForAsyncLoading:131072]]
[2019.03.04-06.47.49:770][  0]LogConfig: Setting CVar [[s.AsyncLoadingThreadEnabled:0]]
[2019.03.04-06.47.49:770][  0]LogConfig: Setting CVar [[s.EventDrivenLoaderEnabled:1]]
[2019.03.04-06.47.49:770][  0]LogConfig: Setting CVar [[s.WarnIfTimeLimitExceeded:0]]
[2019.03.04-06.47.49:770][  0]LogConfig: Setting CVar [[s.TimeLimitExceededMultiplier:1.5]]
[2019.03.04-06.47.49:770][  0]LogConfig: Setting CVar [[s.TimeLimitExceededMinTime:0.005]]
[2019.03.04-06.47.49:770][  0]LogConfig: Setting CVar [[s.UseBackgroundLevelStreaming:1]]
[2019.03.04-06.47.49:770][  0]LogConfig: Setting CVar [[s.PriorityAsyncLoadingExtraTime:15.0]]
[2019.03.04-06.47.49:771][  0]LogConfig: Setting CVar [[s.LevelStreamingActorsUpdateTimeLimit:5.0]]
[2019.03.04-06.47.49:771][  0]LogConfig: Setting CVar [[s.PriorityLevelStreamingActorsUpdateExtraTime:5.0]]
[2019.03.04-06.47.49:771][  0]LogConfig: Setting CVar [[s.LevelStreamingComponentsRegistrationGranularity:10]]
[2019.03.04-06.47.49:771][  0]LogConfig: Setting CVar [[s.UnregisterComponentsTimeLimit:1.0]]
[2019.03.04-06.47.49:771][  0]LogConfig: Setting CVar [[s.LevelStreamingComponentsUnregistrationGranularity:5]]
[2019.03.04-06.47.49:771][  0]LogConfig: Applying CVar settings from Section [/Script/Engine.GarbageCollectionSettings] File [C:/Users/takki/Documents/UnrealTutorial/Tutorial/Saved/Config/Windows/Engine.ini]
[2019.03.04-06.47.49:771][  0]LogConfig: Setting CVar [[gc.MaxObjectsNotConsideredByGC:1]]
[2019.03.04-06.47.49:771][  0]LogConfig: Setting CVar [[gc.SizeOfPermanentObjectPool:0]]
[2019.03.04-06.47.49:771][  0]LogConfig: Setting CVar [[gc.FlushStreamingOnGC:0]]
[2019.03.04-06.47.49:771][  0]LogConfig: Setting CVar [[gc.NumRetriesBeforeForcingGC:10]]
[2019.03.04-06.47.49:771][  0]LogConfig: Setting CVar [[gc.AllowParallelGC:1]]
[2019.03.04-06.47.49:772][  0]LogConfig: Setting CVar [[gc.TimeBetweenPurgingPendingKillObjects:61.1]]
[2019.03.04-06.47.49:772][  0]LogConfig: Setting CVar [[gc.MaxObjectsInEditor:8388607]]
[2019.03.04-06.47.49:772][  0]LogConfig: Setting CVar [[gc.IncrementalBeginDestroyEnabled:1]]
[2019.03.04-06.47.49:772][  0]LogConfig: Setting CVar [[gc.CreateGCClusters:1]]
[2019.03.04-06.47.49:772][  0]LogConfig: Setting CVar [[gc.MergeGCClusters:0]]
[2019.03.04-06.47.49:772][  0]LogConfig: Setting CVar [[gc.MinGCClusterSize:5]]
[2019.03.04-06.47.49:772][  0]LogConfig: Setting CVar [[gc.ActorClusteringEnabled:0]]
[2019.03.04-06.47.49:772][  0]LogConfig: Setting CVar [[gc.BlueprintClusteringEnabled:0]]
[2019.03.04-06.47.49:772][  0]LogConfig: Setting CVar [[gc.UseDisregardForGCOnDedicatedServers:0]]
[2019.03.04-06.47.49:772][  0]LogConfig: Applying CVar settings from Section [/Script/Engine.NetworkSettings] File [C:/Users/takki/Documents/UnrealTutorial/Tutorial/Saved/Config/Windows/Engine.ini]
[2019.03.04-06.47.49:772][  0]LogConfig: Applying CVar settings from Section [/Script/UnrealEd.CookerSettings] File [C:/Users/takki/Documents/UnrealTutorial/Tutorial/Saved/Config/Windows/Engine.ini]
[2019.03.04-06.47.49:781][  0]LogConfig: Applying CVar settings from Section [ViewDistanceQuality@3] File [C:/Users/takki/Documents/UnrealTutorial/Tutorial/Saved/Config/Windows/Scalability.ini]
[2019.03.04-06.47.49:781][  0]LogConfig: Setting CVar [[r.SkeletalMeshLODBias:0]]
[2019.03.04-06.47.49:781][  0]LogConfig: Setting CVar [[r.ViewDistanceScale:1.0]]
[2019.03.04-06.47.49:781][  0]LogConfig: Applying CVar settings from Section [AntiAliasingQuality@3] File [C:/Users/takki/Documents/UnrealTutorial/Tutorial/Saved/Config/Windows/Scalability.ini]
[2019.03.04-06.47.49:781][  0]LogConfig: Setting CVar [[r.PostProcessAAQuality:4]]
[2019.03.04-06.47.49:781][  0]LogConfig: Applying CVar settings from Section [ShadowQuality@3] File [C:/Users/takki/Documents/UnrealTutorial/Tutorial/Saved/Config/Windows/Scalability.ini]
[2019.03.04-06.47.49:782][  0]LogConfig: Setting CVar [[r.LightFunctionQuality:1]]
[2019.03.04-06.47.49:782][  0]LogConfig: Setting CVar [[r.ShadowQuality:5]]
[2019.03.04-06.47.49:782][  0]LogConfig: Setting CVar [[r.Shadow.CSM.MaxCascades:10]]
[2019.03.04-06.47.49:782][  0]LogConfig: Setting CVar [[r.Shadow.MaxResolution:2048]]
[2019.03.04-06.47.49:782][  0]LogConfig: Setting CVar [[r.Shadow.MaxCSMResolution:2048]]
[2019.03.04-06.47.49:782][  0]LogConfig: Setting CVar [[r.Shadow.RadiusThreshold:0.01]]
[2019.03.04-06.47.49:782][  0]LogConfig: Setting CVar [[r.Shadow.DistanceScale:1.0]]
[2019.03.04-06.47.49:782][  0]LogConfig: Setting CVar [[r.Shadow.CSM.TransitionScale:1.0]]
[2019.03.04-06.47.49:782][  0]LogConfig: Setting CVar [[r.Shadow.PreShadowResolutionFactor:1.0]]
[2019.03.04-06.47.49:782][  0]LogConfig: Setting CVar [[r.DistanceFieldShadowing:1]]
[2019.03.04-06.47.49:782][  0]LogConfig: Setting CVar [[r.DistanceFieldAO:1]]
[2019.03.04-06.47.49:782][  0]LogConfig: Setting CVar [[r.AOQuality:2]]
[2019.03.04-06.47.49:783][  0]LogConfig: Setting CVar [[r.VolumetricFog:1]]
[2019.03.04-06.47.49:783][  0]LogConfig: Setting CVar [[r.VolumetricFog.GridPixelSize:8]]
[2019.03.04-06.47.49:783][  0]LogConfig: Setting CVar [[r.VolumetricFog.GridSizeZ:128]]
[2019.03.04-06.47.49:783][  0]LogConfig: Setting CVar [[r.VolumetricFog.HistoryMissSupersampleCount:4]]
[2019.03.04-06.47.49:783][  0]LogConfig: Setting CVar [[r.LightMaxDrawDistanceScale:1]]
[2019.03.04-06.47.49:783][  0]LogConfig: Setting CVar [[r.CapsuleShadows:1]]
[2019.03.04-06.47.49:783][  0]LogConfig: Applying CVar settings from Section [PostProcessQuality@3] File [C:/Users/takki/Documents/UnrealTutorial/Tutorial/Saved/Config/Windows/Scalability.ini]
[2019.03.04-06.47.49:783][  0]LogConfig: Setting CVar [[r.MotionBlurQuality:4]]
[2019.03.04-06.47.49:783][  0]LogConfig: Setting CVar [[r.AmbientOcclusionMipLevelFactor:0.4]]
[2019.03.04-06.47.49:783][  0]LogConfig: Setting CVar [[r.AmbientOcclusionMaxQuality:100]]
[2019.03.04-06.47.49:783][  0]LogConfig: Setting CVar [[r.AmbientOcclusionLevels:-1]]
[2019.03.04-06.47.49:783][  0]LogConfig: Setting CVar [[r.AmbientOcclusionRadiusScale:1.0]]
[2019.03.04-06.47.49:784][  0]LogConfig: Setting CVar [[r.DepthOfFieldQuality:2]]
[2019.03.04-06.47.49:784][  0]LogConfig: Setting CVar [[r.RenderTargetPoolMin:400]]
[2019.03.04-06.47.49:784][  0]LogConfig: Setting CVar [[r.LensFlareQuality:2]]
[2019.03.04-06.47.49:784][  0]LogConfig: Setting CVar [[r.SceneColorFringeQuality:1]]
[2019.03.04-06.47.49:784][  0]LogConfig: Setting CVar [[r.EyeAdaptationQuality:2]]
[2019.03.04-06.47.49:784][  0]LogConfig: Setting CVar [[r.BloomQuality:5]]
[2019.03.04-06.47.49:784][  0]LogConfig: Setting CVar [[r.FastBlurThreshold:100]]
[2019.03.04-06.47.49:784][  0]LogConfig: Setting CVar [[r.Upscale.Quality:3]]
[2019.03.04-06.47.49:784][  0]LogConfig: Setting CVar [[r.Tonemapper.GrainQuantization:1]]
[2019.03.04-06.47.49:784][  0]LogConfig: Setting CVar [[r.LightShaftQuality:1]]
[2019.03.04-06.47.49:784][  0]LogConfig: Setting CVar [[r.Filter.SizeScale:1]]
[2019.03.04-06.47.49:784][  0]LogConfig: Setting CVar [[r.Tonemapper.Quality:5]]
[2019.03.04-06.47.49:784][  0]LogConfig: Setting CVar [[r.DOF.Gather.AccumulatorQuality:1        ; higher gathering accumulator quality]]
[2019.03.04-06.47.49:785][  0]LogConfig: Setting CVar [[r.DOF.Gather.PostfilterMethod:1          ; Median3x3 postfilering method]]
[2019.03.04-06.47.49:785][  0]LogConfig: Setting CVar [[r.DOF.Gather.EnableBokehSettings:0       ; no bokeh simulation when gathering]]
[2019.03.04-06.47.49:785][  0]LogConfig: Setting CVar [[r.DOF.Gather.RingCount:4                 ; medium number of samples when gathering]]
[2019.03.04-06.47.49:785][  0]LogConfig: Setting CVar [[r.DOF.Scatter.ForegroundCompositing:1    ; additive foreground scattering]]
[2019.03.04-06.47.49:785][  0]LogConfig: Setting CVar [[r.DOF.Scatter.BackgroundCompositing:2    ; additive background scattering]]
[2019.03.04-06.47.49:785][  0]LogConfig: Setting CVar [[r.DOF.Scatter.EnableBokehSettings:1      ; bokeh simulation when scattering]]
[2019.03.04-06.47.49:785][  0]LogConfig: Setting CVar [[r.DOF.Scatter.MaxSpriteRatio:0.1         ; only a maximum of 10% of scattered bokeh]]
[2019.03.04-06.47.49:785][  0]LogConfig: Setting CVar [[r.DOF.Recombine.Quality:1                ; cheap slight out of focus]]
[2019.03.04-06.47.49:785][  0]LogConfig: Setting CVar [[r.DOF.Recombine.EnableBokehSettings:0    ; no bokeh simulation on slight out of focus]]
[2019.03.04-06.47.49:785][  0]LogConfig: Setting CVar [[r.DOF.TemporalAAQuality:1                ; more stable temporal accumulation]]
[2019.03.04-06.47.49:785][  0]LogConfig: Setting CVar [[r.DOF.Kernel.MaxForegroundRadius:0.025]]
[2019.03.04-06.47.49:785][  0]LogConfig: Setting CVar [[r.DOF.Kernel.MaxBackgroundRadius:0.025]]
[2019.03.04-06.47.49:785][  0]LogConfig: Applying CVar settings from Section [TextureQuality@3] File [C:/Users/takki/Documents/UnrealTutorial/Tutorial/Saved/Config/Windows/Scalability.ini]
[2019.03.04-06.47.49:786][  0]LogConfig: Setting CVar [[r.Streaming.MipBias:0]]
[2019.03.04-06.47.49:786][  0]LogConfig: Setting CVar [[r.Streaming.AmortizeCPUToGPUCopy:0]]
[2019.03.04-06.47.49:786][  0]LogConfig: Setting CVar [[r.Streaming.MaxNumTexturesToStreamPerFrame:0]]
[2019.03.04-06.47.49:786][  0]LogConfig: Setting CVar [[r.Streaming.Boost:1]]
[2019.03.04-06.47.49:786][  0]LogConfig: Setting CVar [[r.MaxAnisotropy:8]]
[2019.03.04-06.47.49:786][  0]LogConfig: Setting CVar [[r.Streaming.LimitPoolSizeToVRAM:0]]
[2019.03.04-06.47.49:786][  0]LogConfig: Setting CVar [[r.Streaming.PoolSize:1000]]
[2019.03.04-06.47.49:786][  0]LogConfig: Setting CVar [[r.Streaming.MaxEffectiveScreenSize:0]]
[2019.03.04-06.47.49:786][  0]LogConfig: Applying CVar settings from Section [EffectsQuality@3] File [C:/Users/takki/Documents/UnrealTutorial/Tutorial/Saved/Config/Windows/Scalability.ini]
[2019.03.04-06.47.49:786][  0]LogConfig: Setting CVar [[r.TranslucencyLightingVolumeDim:64]]
[2019.03.04-06.47.49:786][  0]LogConfig: Setting CVar [[r.RefractionQuality:2]]
[2019.03.04-06.47.49:786][  0]LogConfig: Setting CVar [[r.SSR.Quality:3]]
[2019.03.04-06.47.49:786][  0]LogConfig: Setting CVar [[r.SceneColorFormat:4]]
[2019.03.04-06.47.49:787][  0]LogConfig: Setting CVar [[r.DetailMode:2]]
[2019.03.04-06.47.49:787][  0]LogConfig: Setting CVar [[r.TranslucencyVolumeBlur:1]]
[2019.03.04-06.47.49:787][  0]LogConfig: Setting CVar [[r.MaterialQualityLevel:1 ; High quality]]
[2019.03.04-06.47.49:787][  0]LogConfig: Setting CVar [[r.SSS.Scale:1]]
[2019.03.04-06.47.49:787][  0]LogConfig: Setting CVar [[r.SSS.SampleSet:2]]
[2019.03.04-06.47.49:787][  0]LogConfig: Setting CVar [[r.SSS.Quality:1]]
[2019.03.04-06.47.49:787][  0]LogConfig: Setting CVar [[r.SSS.HalfRes:1]]
[2019.03.04-06.47.49:787][  0]LogConfig: Setting CVar [[r.EmitterSpawnRateScale:1.0]]
[2019.03.04-06.47.49:787][  0]LogConfig: Setting CVar [[r.ParticleLightQuality:2]]
[2019.03.04-06.47.49:787][  0]LogConfig: Applying CVar settings from Section [FoliageQuality@3] File [C:/Users/takki/Documents/UnrealTutorial/Tutorial/Saved/Config/Windows/Scalability.ini]
[2019.03.04-06.47.49:787][  0]LogConfig: Setting CVar [[foliage.DensityScale:1.0]]
[2019.03.04-06.47.49:787][  0]LogConfig: Setting CVar [[grass.DensityScale:1.0]]
[2019.03.04-06.47.49:788][  0]LogInit: Selected Device Profile: [Windows]
[2019.03.04-06.47.49:788][  0]LogInit: Applying CVar settings loaded from the selected device profile: [Windows]
[2019.03.04-06.47.49:805][  0]LogHAL: Display: Platform has ~ 8 GB [8497946624 / 8589934592 / 8], which maps to Default [LargestMinGB=32, LargerMinGB=12, DefaultMinGB=8, SmallerMinGB=6, SmallestMinGB=0)
[2019.03.04-06.47.49:805][  0]LogConfig: Setting CVar [[r.Vulkan.UseRealUBs:1]]
[2019.03.04-06.47.49:805][  0]LogInit: Going up to parent DeviceProfile []
[2019.03.04-06.47.49:805][  0]LogConfig: Applying CVar settings from Section [ViewDistanceQuality@3] File [C:/Users/takki/Documents/UnrealTutorial/Tutorial/Saved/Config/Windows/Scalability.ini]
[2019.03.04-06.47.49:805][  0]LogConfig: Setting CVar [[r.SkeletalMeshLODBias:0]]
[2019.03.04-06.47.49:806][  0]LogConfig: Setting CVar [[r.ViewDistanceScale:1.0]]
[2019.03.04-06.47.49:806][  0]LogConfig: Applying CVar settings from Section [AntiAliasingQuality@3] File [C:/Users/takki/Documents/UnrealTutorial/Tutorial/Saved/Config/Windows/Scalability.ini]
[2019.03.04-06.47.49:806][  0]LogConfig: Setting CVar [[r.PostProcessAAQuality:4]]
[2019.03.04-06.47.49:806][  0]LogConfig: Applying CVar settings from Section [ShadowQuality@3] File [C:/Users/takki/Documents/UnrealTutorial/Tutorial/Saved/Config/Windows/Scalability.ini]
[2019.03.04-06.47.49:806][  0]LogConfig: Setting CVar [[r.LightFunctionQuality:1]]
[2019.03.04-06.47.49:806][  0]LogConfig: Setting CVar [[r.ShadowQuality:5]]
[2019.03.04-06.47.49:806][  0]LogConfig: Setting CVar [[r.Shadow.CSM.MaxCascades:10]]
[2019.03.04-06.47.49:806][  0]LogConfig: Setting CVar [[r.Shadow.MaxResolution:2048]]
[2019.03.04-06.47.49:806][  0]LogConfig: Setting CVar [[r.Shadow.MaxCSMResolution:2048]]
[2019.03.04-06.47.49:806][  0]LogConfig: Setting CVar [[r.Shadow.RadiusThreshold:0.01]]
[2019.03.04-06.47.49:807][  0]LogConfig: Setting CVar [[r.Shadow.DistanceScale:1.0]]
[2019.03.04-06.47.49:807][  0]LogConfig: Setting CVar [[r.Shadow.CSM.TransitionScale:1.0]]
[2019.03.04-06.47.49:807][  0]LogConfig: Setting CVar [[r.Shadow.PreShadowResolutionFactor:1.0]]
[2019.03.04-06.47.49:807][  0]LogConfig: Setting CVar [[r.DistanceFieldShadowing:1]]
[2019.03.04-06.47.49:807][  0]LogConfig: Setting CVar [[r.DistanceFieldAO:1]]
[2019.03.04-06.47.49:807][  0]LogConfig: Setting CVar [[r.AOQuality:2]]
[2019.03.04-06.47.49:807][  0]LogConfig: Setting CVar [[r.VolumetricFog:1]]
[2019.03.04-06.47.49:807][  0]LogConfig: Setting CVar [[r.VolumetricFog.GridPixelSize:8]]
[2019.03.04-06.47.49:807][  0]LogConfig: Setting CVar [[r.VolumetricFog.GridSizeZ:128]]
[2019.03.04-06.47.49:807][  0]LogConfig: Setting CVar [[r.VolumetricFog.HistoryMissSupersampleCount:4]]
[2019.03.04-06.47.49:808][  0]LogConfig: Setting CVar [[r.LightMaxDrawDistanceScale:1]]
[2019.03.04-06.47.49:808][  0]LogConfig: Setting CVar [[r.CapsuleShadows:1]]
[2019.03.04-06.47.49:808][  0]LogConfig: Applying CVar settings from Section [PostProcessQuality@3] File [C:/Users/takki/Documents/UnrealTutorial/Tutorial/Saved/Config/Windows/Scalability.ini]
[2019.03.04-06.47.49:808][  0]LogConfig: Setting CVar [[r.MotionBlurQuality:4]]
[2019.03.04-06.47.49:808][  0]LogConfig: Setting CVar [[r.AmbientOcclusionMipLevelFactor:0.4]]
[2019.03.04-06.47.49:808][  0]LogConfig: Setting CVar [[r.AmbientOcclusionMaxQuality:100]]
[2019.03.04-06.47.49:808][  0]LogConfig: Setting CVar [[r.AmbientOcclusionLevels:-1]]
[2019.03.04-06.47.49:808][  0]LogConfig: Setting CVar [[r.AmbientOcclusionRadiusScale:1.0]]
[2019.03.04-06.47.49:808][  0]LogConfig: Setting CVar [[r.DepthOfFieldQuality:2]]
[2019.03.04-06.47.49:808][  0]LogConfig: Setting CVar [[r.RenderTargetPoolMin:400]]
[2019.03.04-06.47.49:808][  0]LogConfig: Setting CVar [[r.LensFlareQuality:2]]
[2019.03.04-06.47.49:809][  0]LogConfig: Setting CVar [[r.SceneColorFringeQuality:1]]
[2019.03.04-06.47.49:809][  0]LogConfig: Setting CVar [[r.EyeAdaptationQuality:2]]
[2019.03.04-06.47.49:809][  0]LogConfig: Setting CVar [[r.BloomQuality:5]]
[2019.03.04-06.47.49:809][  0]LogConfig: Setting CVar [[r.FastBlurThreshold:100]]
[2019.03.04-06.47.49:809][  0]LogConfig: Setting CVar [[r.Upscale.Quality:3]]
[2019.03.04-06.47.49:809][  0]LogConfig: Setting CVar [[r.Tonemapper.GrainQuantization:1]]
[2019.03.04-06.47.49:809][  0]LogConfig: Setting CVar [[r.LightShaftQuality:1]]
[2019.03.04-06.47.49:809][  0]LogConfig: Setting CVar [[r.Filter.SizeScale:1]]
[2019.03.04-06.47.49:809][  0]LogConfig: Setting CVar [[r.Tonemapper.Quality:5]]
[2019.03.04-06.47.49:809][  0]LogConfig: Setting CVar [[r.DOF.Gather.AccumulatorQuality:1        ; higher gathering accumulator quality]]
[2019.03.04-06.47.49:809][  0]LogConfig: Setting CVar [[r.DOF.Gather.PostfilterMethod:1          ; Median3x3 postfilering method]]
[2019.03.04-06.47.49:810][  0]LogConfig: Setting CVar [[r.DOF.Gather.EnableBokehSettings:0       ; no bokeh simulation when gathering]]
[2019.03.04-06.47.49:810][  0]LogConfig: Setting CVar [[r.DOF.Gather.RingCount:4                 ; medium number of samples when gathering]]
[2019.03.04-06.47.49:810][  0]LogConfig: Setting CVar [[r.DOF.Scatter.ForegroundCompositing:1    ; additive foreground scattering]]
[2019.03.04-06.47.49:810][  0]LogConfig: Setting CVar [[r.DOF.Scatter.BackgroundCompositing:2    ; additive background scattering]]
[2019.03.04-06.47.49:810][  0]LogConfig: Setting CVar [[r.DOF.Scatter.EnableBokehSettings:1      ; bokeh simulation when scattering]]
[2019.03.04-06.47.49:810][  0]LogConfig: Setting CVar [[r.DOF.Scatter.MaxSpriteRatio:0.1         ; only a maximum of 10% of scattered bokeh]]
[2019.03.04-06.47.49:810][  0]LogConfig: Setting CVar [[r.DOF.Recombine.Quality:1                ; cheap slight out of focus]]
[2019.03.04-06.47.49:810][  0]LogConfig: Setting CVar [[r.DOF.Recombine.EnableBokehSettings:0    ; no bokeh simulation on slight out of focus]]
[2019.03.04-06.47.49:810][  0]LogConfig: Setting CVar [[r.DOF.TemporalAAQuality:1                ; more stable temporal accumulation]]
[2019.03.04-06.47.49:810][  0]LogConfig: Setting CVar [[r.DOF.Kernel.MaxForegroundRadius:0.025]]
[2019.03.04-06.47.49:811][  0]LogConfig: Setting CVar [[r.DOF.Kernel.MaxBackgroundRadius:0.025]]
[2019.03.04-06.47.49:811][  0]LogConfig: Applying CVar settings from Section [TextureQuality@3] File [C:/Users/takki/Documents/UnrealTutorial/Tutorial/Saved/Config/Windows/Scalability.ini]
[2019.03.04-06.47.49:811][  0]LogConfig: Setting CVar [[r.Streaming.MipBias:0]]
[2019.03.04-06.47.49:811][  0]LogConfig: Setting CVar [[r.Streaming.AmortizeCPUToGPUCopy:0]]
[2019.03.04-06.47.49:811][  0]LogConfig: Setting CVar [[r.Streaming.MaxNumTexturesToStreamPerFrame:0]]
[2019.03.04-06.47.49:811][  0]LogConfig: Setting CVar [[r.Streaming.Boost:1]]
[2019.03.04-06.47.49:811][  0]LogConfig: Setting CVar [[r.MaxAnisotropy:8]]
[2019.03.04-06.47.49:811][  0]LogConfig: Setting CVar [[r.Streaming.LimitPoolSizeToVRAM:0]]
[2019.03.04-06.47.49:811][  0]LogConfig: Setting CVar [[r.Streaming.PoolSize:1000]]
[2019.03.04-06.47.49:811][  0]LogConfig: Setting CVar [[r.Streaming.MaxEffectiveScreenSize:0]]
[2019.03.04-06.47.49:811][  0]LogConfig: Applying CVar settings from Section [EffectsQuality@3] File [C:/Users/takki/Documents/UnrealTutorial/Tutorial/Saved/Config/Windows/Scalability.ini]
[2019.03.04-06.47.49:812][  0]LogConfig: Setting CVar [[r.TranslucencyLightingVolumeDim:64]]
[2019.03.04-06.47.49:812][  0]LogConfig: Setting CVar [[r.RefractionQuality:2]]
[2019.03.04-06.47.49:812][  0]LogConfig: Setting CVar [[r.SSR.Quality:3]]
[2019.03.04-06.47.49:812][  0]LogConfig: Setting CVar [[r.SceneColorFormat:4]]
[2019.03.04-06.47.49:812][  0]LogConfig: Setting CVar [[r.DetailMode:2]]
[2019.03.04-06.47.49:812][  0]LogConfig: Setting CVar [[r.TranslucencyVolumeBlur:1]]
[2019.03.04-06.47.49:812][  0]LogConfig: Setting CVar [[r.MaterialQualityLevel:1 ; High quality]]
[2019.03.04-06.47.49:812][  0]LogConfig: Setting CVar [[r.SSS.Scale:1]]
[2019.03.04-06.47.49:812][  0]LogConfig: Setting CVar [[r.SSS.SampleSet:2]]
[2019.03.04-06.47.49:812][  0]LogConfig: Setting CVar [[r.SSS.Quality:1]]
[2019.03.04-06.47.49:812][  0]LogConfig: Setting CVar [[r.SSS.HalfRes:1]]
[2019.03.04-06.47.49:812][  0]LogConfig: Setting CVar [[r.EmitterSpawnRateScale:1.0]]
[2019.03.04-06.47.49:813][  0]LogConfig: Setting CVar [[r.ParticleLightQuality:2]]
[2019.03.04-06.47.49:813][  0]LogConfig: Applying CVar settings from Section [FoliageQuality@3] File [C:/Users/takki/Documents/UnrealTutorial/Tutorial/Saved/Config/Windows/Scalability.ini]
[2019.03.04-06.47.49:813][  0]LogConfig: Setting CVar [[foliage.DensityScale:1.0]]
[2019.03.04-06.47.49:813][  0]LogConfig: Setting CVar [[grass.DensityScale:1.0]]
[2019.03.04-06.47.49:813][  0]LogConfig: Applying CVar settings from Section [Startup] File [../../../Engine/Config/ConsoleVariables.ini]
[2019.03.04-06.47.49:813][  0]LogConfig: Setting CVar [[net.UseAdaptiveNetUpdateFrequency:0]]
[2019.03.04-06.47.49:813][  0]LogConfig: Applying CVar settings from Section [ConsoleVariables] File [C:/Users/takki/Documents/UnrealTutorial/Tutorial/Saved/Config/Windows/Engine.ini]
[2019.03.04-06.47.49:814][  0]LogInit: Computer: DESKTOP-KKDP0HN
[2019.03.04-06.47.49:814][  0]LogInit: User: takki
[2019.03.04-06.47.49:814][  0]LogInit: CPU Page size=4096, Cores=4
[2019.03.04-06.47.49:814][  0]LogInit: High frequency timer resolution =10.000000 MHz
[2019.03.04-06.47.49:814][  0]LogMemory: Memory total: Physical=7.9GB (8GB approx)
[2019.03.04-06.47.49:814][  0]LogMemory: Platform Memory Stats for Windows
[2019.03.04-06.47.49:814][  0]LogMemory: Process Physical Memory: 102.14 MB used, 102.14 MB peak
[2019.03.04-06.47.49:814][  0]LogMemory: Process Virtual Memory: 91.23 MB used, 91.23 MB peak
[2019.03.04-06.47.49:814][  0]LogMemory: Physical Memory: 4284.64 MB used,  3819.63 MB free, 8104.27 MB total
[2019.03.04-06.47.49:815][  0]LogMemory: Virtual Memory: 4649.98 MB used,  134213080.00 MB free, 134217728.00 MB total
[2019.03.04-06.47.50:677][  0]LogInit: Using OS detected language (en-US).
[2019.03.04-06.47.50:677][  0]LogInit: Using OS detected locale (en-US).
[2019.03.04-06.47.50:678][  0]LogTextLocalizationManager: No specific localization for 'en-US' exists, so the 'en' localization will be used.
[2019.03.04-06.47.51:257][  0]LogStreaming: Display: Took  0.580s to InitEngineTextLocalization.
[2019.03.04-06.47.51:258][  0]LogInit: Setting process to per monitor DPI aware
[2019.03.04-06.47.51:341][  0]LogSlate: New Slate User Created.  User Index 0, Is Virtual User: 0
[2019.03.04-06.47.51:341][  0]LogSlate: Slate User Registered.  User Index 0, Is Virtual User: 0
[2019.03.04-06.47.51:767][  0]LogHMD: Failed to initialize OpenVR with code 110
[2019.03.04-06.47.51:767][  0]LogD3D11RHI: D3D11 adapters:
[2019.03.04-06.47.51:896][  0]LogD3D11RHI:    0. 'NVIDIA GeForce GTX 860M ' (Feature Level 11_0)
[2019.03.04-06.47.51:896][  0]LogD3D11RHI:       1995/0/4052 MB DedicatedVideo/DedicatedSystem/SharedSystem, Outputs:1, VendorId:0x10de
[2019.03.04-06.47.51:918][  0]LogD3D11RHI:    1. 'Intel(R) HD Graphics 4600' (Feature Level 11_0)
[2019.03.04-06.47.51:918][  0]LogD3D11RHI:       112/0/2048 MB DedicatedVideo/DedicatedSystem/SharedSystem, Outputs:0, VendorId:0x8086
[2019.03.04-06.47.51:927][  0]LogD3D11RHI:    2. 'Microsoft Basic Render Driver' (Feature Level 11_0)
[2019.03.04-06.47.51:927][  0]LogD3D11RHI:       0/0/4052 MB DedicatedVideo/DedicatedSystem/SharedSystem, Outputs:0, VendorId:0x1414
[2019.03.04-06.47.51:927][  0]LogD3D11RHI: Chosen D3D11 Adapter: 0
[2019.03.04-06.47.51:977][  0]LogD3D11RHI: Creating new Direct3DDevice
[2019.03.04-06.47.51:977][  0]LogD3D11RHI:     GPU DeviceId: 0x1392 (for the marketing name, search the web for "GPU Device Id")
[2019.03.04-06.47.51:977][  0]LogWindows: EnumDisplayDevices:
[2019.03.04-06.47.51:977][  0]LogWindows:    0. 'Intel(R) HD Graphics 4600' (P:1 D:1)
[2019.03.04-06.47.51:978][  0]LogWindows:    1. 'Intel(R) HD Graphics 4600' (P:0 D:0)
[2019.03.04-06.47.51:978][  0]LogWindows:    2. 'Intel(R) HD Graphics 4600' (P:0 D:0)
[2019.03.04-06.47.51:979][  0]LogWindows: DebugString: PrimaryIsNotTheChoosenAdapter PrimaryIsNotTheChoosenAdapter PrimaryIsNotTheChoosenAdapter FoundDriverCount:0 
[2019.03.04-06.47.51:979][  0]LogD3D11RHI:     Adapter Name: NVIDIA GeForce GTX 860M 
[2019.03.04-06.47.51:979][  0]LogD3D11RHI:   Driver Version: Unknown (internal:Unknown, unified:Unknown)
[2019.03.04-06.47.51:979][  0]LogD3D11RHI:      Driver Date: Unknown
[2019.03.04-06.47.51:979][  0]LogRHI: Texture pool is 1397 MB (70% of 1995 MB)
[2019.03.04-06.47.52:006][  0]LogD3D11RHI: NvAPI_D3D_GetCurrentSLIState failed: 0xfffffff7
[2019.03.04-06.47.52:006][  0]LogD3D11RHI: Async texture creation enabled
[2019.03.04-06.47.52:029][  0]LogD3D11RHI: GPU Timing Frequency: 1000.000000 (Debug: 2 2)
[2019.03.04-06.47.52:504][  0]LogTemp: Display: Loaded TP AllDesktopTargetPlatform
[2019.03.04-06.47.52:526][  0]LogTemp: Display: Loaded TP MacClientTargetPlatform
[2019.03.04-06.47.52:548][  0]LogTemp: Display: Loaded TP MacNoEditorTargetPlatform
[2019.03.04-06.47.52:570][  0]LogTemp: Display: Loaded TP MacServerTargetPlatform
[2019.03.04-06.47.52:592][  0]LogTemp: Display: Loaded TP MacTargetPlatform
[2019.03.04-06.47.52:614][  0]LogTemp: Display: Loaded TP WindowsClientTargetPlatform
[2019.03.04-06.47.52:636][  0]LogTemp: Display: Loaded TP WindowsNoEditorTargetPlatform
[2019.03.04-06.47.52:658][  0]LogTemp: Display: Loaded TP WindowsServerTargetPlatform
[2019.03.04-06.47.52:672][  0]LogTemp: Display: Loaded TP WindowsTargetPlatform
[2019.03.04-06.47.52:785][  0]LogTemp: Display: Loaded TP AndroidTargetPlatform
[2019.03.04-06.47.52:785][  0]LogTemp: Display: Loaded TP AndroidTargetPlatform
[2019.03.04-06.47.52:785][  0]LogTemp: Display: Loaded TP AndroidTargetPlatform
[2019.03.04-06.47.52:785][  0]LogTemp: Display: Loaded TP AndroidTargetPlatform
[2019.03.04-06.47.52:785][  0]LogTemp: Display: Loaded TP AndroidTargetPlatform
[2019.03.04-06.47.52:785][  0]LogTemp: Display: Loaded TP AndroidTargetPlatform
[2019.03.04-06.47.52:785][  0]LogTemp: Display: Loaded TP AndroidTargetPlatform
[2019.03.04-06.47.52:785][  0]LogTemp: Display: Loaded TP AndroidTargetPlatform
[2019.03.04-06.47.52:785][  0]LogTemp: Display: Loaded TP AndroidTargetPlatform
[2019.03.04-06.47.52:785][  0]LogTemp: Display: Loaded TP AndroidTargetPlatform
[2019.03.04-06.47.52:785][  0]LogTemp: Display: Loaded TP AndroidTargetPlatform
[2019.03.04-06.47.52:786][  0]LogTemp: Display: Loaded TP AndroidTargetPlatform
[2019.03.04-06.47.52:786][  0]LogTemp: Display: Loaded TP AndroidTargetPlatform
[2019.03.04-06.47.52:786][  0]LogTemp: Display: Loaded TP AndroidTargetPlatform
[2019.03.04-06.47.52:786][  0]LogTemp: Display: Loaded TP AndroidTargetPlatform
[2019.03.04-06.47.52:786][  0]LogTemp: Display: Loaded TP AndroidTargetPlatform
[2019.03.04-06.47.52:786][  0]LogTemp: Display: Loaded TP AndroidTargetPlatform
[2019.03.04-06.47.52:786][  0]LogTemp: Display: Loaded TP AndroidTargetPlatform
[2019.03.04-06.47.52:790][  0]LogTemp: Display: Loaded TP HTML5TargetPlatform
[2019.03.04-06.47.52:874][  0]LogTemp: Display: Loaded TP IOSTargetPlatform
[2019.03.04-06.47.52:874][  0]LogTemp: Display: Loaded TP IOSTargetPlatform
[2019.03.04-06.47.52:910][  0]LogTemp: Display: Loaded TP TVOSTargetPlatform
[2019.03.04-06.47.52:910][  0]LogTemp: Display: Loaded TP TVOSTargetPlatform
[2019.03.04-06.47.52:931][  0]LogTemp: Display: Loaded TP LinuxClientTargetPlatform
[2019.03.04-06.47.52:951][  0]LogTemp: Display: Loaded TP LinuxNoEditorTargetPlatform
[2019.03.04-06.47.52:971][  0]LogTemp: Display: Loaded TP LinuxServerTargetPlatform
[2019.03.04-06.47.52:991][  0]LogTemp: Display: Loaded TP LinuxTargetPlatform
[2019.03.04-06.47.53:059][  0]LogTemp: Display: Loaded TP LuminTargetPlatform
[2019.03.04-06.47.53:059][  0]LogTemp: Display: Loaded TP LuminTargetPlatform
[2019.03.04-06.47.53:059][  0]LogTargetPlatformManager: Display: Building Assets For Windows
[2019.03.04-06.47.53:230][  0]LogShaderCompilers: Guid format shader working directory is -18 characters bigger than the processId version (../../../../../../Users/takki/Documents/UnrealTutorial/Tutorial/Intermediate/Shaders/WorkingDirectory/18252/).
[2019.03.04-06.47.53:230][  0]LogShaderCompilers: Cleaned the shader compiler working directory 'C:/Users/takki/AppData/Local/Temp/UnrealShaderWorkingDir/7E15FE9D45CD79804D25A1A5B4058F53/'.
[2019.03.04-06.47.53:235][  0]LogXGEController: Cleaning working directory: C:/Users/takki/AppData/Local/Temp/UnrealXGEWorkingDir/
[2019.03.04-06.47.53:235][  0]LogXGEController: Cannot use XGE Controller as Incredibuild is not installed on this machine.
[2019.03.04-06.47.53:235][  0]LogShaderCompilers: Cannot use XGE Shader Compiler as Incredibuild is not installed on this machine.
[2019.03.04-06.47.53:235][  0]LogShaderCompilers: Display: Using Local Shader Compiler.
[2019.03.04-06.47.54:095][  0]LogDerivedDataCache: Display: Max Cache Size: 512 MB
[2019.03.04-06.47.54:184][  0]LogDerivedDataCache: Loaded boot cache 0.09s 71MB C:/Users/takki/AppData/Local/UnrealEngine/4.21/DerivedDataCache/Boot.ddc.
[2019.03.04-06.47.54:184][  0]LogDerivedDataCache: Display: Loaded Boot cache: C:/Users/takki/AppData/Local/UnrealEngine/4.21/DerivedDataCache/Boot.ddc
[2019.03.04-06.47.54:184][  0]LogDerivedDataCache: FDerivedDataBackendGraph:  Pak pak cache file ../../../../../../Users/takki/Documents/UnrealTutorial/Tutorial/DerivedDataCache/DDC.ddp not found, will not use a pak cache.
[2019.03.04-06.47.54:185][  0]LogDerivedDataCache: Unable to find inner node Pak for hierarchical cache Hierarchy.
[2019.03.04-06.47.54:185][  0]LogDerivedDataCache: FDerivedDataBackendGraph:  CompressedPak pak cache file ../../../../../../Users/takki/Documents/UnrealTutorial/Tutorial/DerivedDataCache/Compressed.ddp not found, will not use a pak cache.
[2019.03.04-06.47.54:185][  0]LogDerivedDataCache: Unable to find inner node CompressedPak for hierarchical cache Hierarchy.
[2019.03.04-06.47.54:203][  0]LogDerivedDataCache: Display: Pak cache opened for reading ../../../Engine/DerivedDataCache/Compressed.ddp.
[2019.03.04-06.47.54:203][  0]LogDerivedDataCache: FDerivedDataBackendGraph:  EnterprisePak pak cache file ../../../Enterprise/DerivedDataCache/Compressed.ddp not found, will not use a pak cache.
[2019.03.04-06.47.54:204][  0]LogDerivedDataCache: Unable to find inner node EnterprisePak for hierarchical cache Hierarchy.
[2019.03.04-06.47.54:217][  0]LogDerivedDataCache: Using Local data cache path C:/Users/takki/AppData/Local/UnrealEngine/Common/DerivedDataCache: Writable
[2019.03.04-06.47.54:217][  0]LogDerivedDataCache: Shared data cache path not found in *engine.ini, will not use an Shared cache.
[2019.03.04-06.47.54:217][  0]LogDerivedDataCache: Unable to find inner node Shared for hierarchical cache Hierarchy.
[2019.03.04-06.47.54:249][  0]LogMaterial: Verifying Global Shaders for PCD3D_SM5
[2019.03.04-06.47.54:251][  0]LogSlate: Using FreeType 2.6.0
[2019.03.04-06.47.54:252][  0]LogSlate: SlateFontServices - WITH_FREETYPE: 1, WITH_HARFBUZZ: 1
[2019.03.04-06.47.54:369][  0]LogAssetRegistry: FAssetRegistry took 0.0413 seconds to start up
[2019.03.04-06.47.54:808][  0]LogInit: Selected Device Profile: [Windows]
[2019.03.04-06.47.55:053][  0]LogSimplygon: Simplygon DLL not present - disabling.
[2019.03.04-06.47.55:065][  0]LogMeshReduction: Using SimplygonSwarm for distributed automatic mesh merging
[2019.03.04-06.47.55:065][  0]LogMeshReduction: Using ProxyLODMeshReduction for automatic mesh merging
[2019.03.04-06.47.55:065][  0]LogMeshReduction: Using QuadricMeshReduction for automatic static mesh reduction
[2019.03.04-06.47.55:065][  0]LogMeshReduction: No automatic skeletal mesh reduction module available
[2019.03.04-06.47.55:084][  0]LogNetVersion: Tutorial 1.0.0, NetCL: 4541578, EngineNetVer: 5, GameNetVer: 0 (Checksum: 900602032)
[2019.03.04-06.47.55:816][  0]LogPackageLocalizationCache: Processed 11 localized package path(s) for 2 prioritized culture(s) in 0.131439 seconds
[2019.03.04-06.47.55:824][  0]LogUObjectArray: 39775 objects as part of root set at end of initial load.
[2019.03.04-06.47.55:824][  0]LogUObjectAllocator: 6914664 out of 0 bytes used by permanent object pool.
[2019.03.04-06.47.55:824][  0]LogUObjectArray: CloseDisregardForGC: 0/0 objects in disregard for GC pool
[2019.03.04-06.47.57:197][  0]LogTcpMessaging: Initializing TcpMessaging bridge
[2019.03.04-06.47.57:217][  0]LogUdpMessaging: Initializing bridge on interface 0.0.0.0:0 to multicast group 230.0.0.1:6666.
[2019.03.04-06.47.58:203][  0]SourceControl: Source control is disabled
[2019.03.04-06.47.58:204][  0]SourceControl: Source control is disabled
[2019.03.04-06.47.58:209][  0]SourceControl: Source control is disabled
[2019.03.04-06.47.58:213][  0]SourceControl: Source control is disabled
[2019.03.04-06.47.58:523][  0]LogAndroidPermission: UAndroidPermissionCallbackProxy::GetInstance
[2019.03.04-06.47.58:702][  0]LogOcInput: OculusInput pre-init called
[2019.03.04-06.47.58:888][  0]LogEngine: Initializing Engine...
[2019.03.04-06.47.58:890][  0]LogHMD: Failed to initialize OpenVR with code 110
[2019.03.04-06.47.58:891][  0]LogStats: UGameplayTagsManager::ConstructGameplayTagTree: ImportINI prefixes -  0.000 s
[2019.03.04-06.47.58:891][  0]LogStats: UGameplayTagsManager::ConstructGameplayTagTree: Construct from data asset -  0.000 s
[2019.03.04-06.47.58:892][  0]LogStats: UGameplayTagsManager::ConstructGameplayTagTree: ImportINI -  0.000 s
[2019.03.04-06.47.58:892][  0]LogStats: UGameplayTagsManager::ConstructGameplayTagTree: GameplayTagTreeChangedEvent.Broadcast -  0.000 s
[2019.03.04-06.47.59:224][  0]LogInit: Initializing FReadOnlyCVARCache
[2019.03.04-06.47.59:265][  0]LogAIModule: Creating AISystem for world Untitled
[2019.03.04-06.47.59:303][  0]LogInit: XAudio2 using 'Speakers (Realtek High Definition Audio)' : 2 channels at 48 kHz using 16 bits per sample (channel mask 0x3)
[2019.03.04-06.47.59:491][  0]LogInit: FAudioDevice initialized.
[2019.03.04-06.47.59:491][  0]LogNetVersion: Set ProjectVersion to 1.0.0.0. Version Checksum will be recalculated on next use.
[2019.03.04-06.47.59:721][  0]LogDerivedDataCache: Saved boot cache 0.23s 71MB C:/Users/takki/AppData/Local/UnrealEngine/4.21/DerivedDataCache/Boot.ddc.
[2019.03.04-06.47.59:726][  0]LogInit: Texture streaming: Enabled
[2019.03.04-06.47.59:775][  0]LogEngineSessionManager: EngineSessionManager initialized
[2019.03.04-06.47.59:796][  0]LogInit: Transaction tracking system initialized
[2019.03.04-06.47.59:865][  0]BlueprintLog: New page: Editor Load
[2019.03.04-06.48.00:130][  0]LocalizationService: Localization service is disabled
[2019.03.04-06.48.01:159][  0]LogFileCache: Scanning file cache for directory 'C:/Users/takki/Documents/UnrealTutorial/Tutorial/Content/' took 0.02s
[2019.03.04-06.48.01:159][  0]LogCook: Display: Max memory allowance for cook 16384mb min free memory 0mb
[2019.03.04-06.48.01:159][  0]LogCook: Display: Mobile HDR setting 1
[2019.03.04-06.48.01:160][  0]LogGameplayTags: Display: UGameplayTagsManager::DoneAddingNativeTags. DelegateIsBound: 0
[2019.03.04-06.48.01:160][  0]LogStats: UGameplayTagsManager::ConstructGameplayTagTree: ImportINI prefixes -  0.000 s
[2019.03.04-06.48.01:160][  0]LogStats: UGameplayTagsManager::ConstructGameplayTagTree: Construct from data asset -  0.000 s
[2019.03.04-06.48.01:160][  0]LogStats: UGameplayTagsManager::ConstructGameplayTagTree: ImportINI -  0.000 s
[2019.03.04-06.48.01:160][  0]LogStats: UGameplayTagsManager::ConstructGameplayTagTree: GameplayTagTreeChangedEvent.Broadcast -  0.000 s
[2019.03.04-06.48.02:123][  0]SourceControl: Source control is disabled
[2019.03.04-06.48.02:123][  0]Cmd: MAP LOAD FILE="../../../../../../Users/takki/Documents/UnrealTutorial/Tutorial/Content/StarterContent/Maps/Minimal_Default.umap" TEMPLATE=0 SHOWPROGRESS=1 FEATURELEVEL=3
[2019.03.04-06.48.02:125][  0]LightingResults: New page: Lighting Build
[2019.03.04-06.48.02:134][  0]MapCheck: New page: Map Check
[2019.03.04-06.48.02:134][  0]LightingResults: New page: Lighting Build
[2019.03.04-06.48.02:652][  0]LogAIModule: Creating AISystem for world Minimal_Default
[2019.03.04-06.48.02:664][  0]LogEditorServer: Finished looking for orphan Actors (0.000 secs)
[2019.03.04-06.48.02:695][  0]Cmd: MAP CHECKDEP NOCLEARLOG
[2019.03.04-06.48.02:695][  0]MapCheck: Map check complete: 0 Error(s), 0 Warning(s), took 0.211ms to complete.
[2019.03.04-06.48.02:695][  0]LogFileHelpers: Loading map 'Minimal_Default' took 0.573
[2019.03.04-06.48.02:853][  0]LogSlate: Updating window title bar state: overlay mode, drag disabled, window buttons hidden, title bar hidden
[2019.03.04-06.48.02:864][  0]LogSlate: Updating window title bar state: overlay mode, drag disabled, window buttons hidden, title bar hidden
[2019.03.04-06.48.02:874][  0]LogSlate: Updating window title bar state: overlay mode, drag disabled, window buttons hidden, title bar hidden
[2019.03.04-06.48.02:884][  0]LogSlate: Updating window title bar state: overlay mode, drag disabled, window buttons hidden, title bar hidden
[2019.03.04-06.48.02:899][  0]LogCollectionManager: Loaded 0 collections in 0.004014 seconds
[2019.03.04-06.48.02:920][  0]LogFileCache: Scanning file cache for directory 'C:/Users/takki/Documents/UnrealTutorial/Tutorial/Saved/Collections/' took 0.01s
[2019.03.04-06.48.02:921][  0]LogFileCache: Scanning file cache for directory 'C:/Users/takki/Documents/UnrealTutorial/Tutorial/Content/Developers/takki/Collections/' took 0.00s
[2019.03.04-06.48.02:921][  0]LogFileCache: Scanning file cache for directory 'C:/Users/takki/Documents/UnrealTutorial/Tutorial/Content/Collections/' took 0.00s
[2019.03.04-06.48.02:921][  0]LogCollectionManager: Rebuilt the GUID cache for 0 collections in 0.000000 seconds
[2019.03.04-06.48.02:934][  0]LogContentBrowser: Native class hierarchy populated in 0.0124 seconds. Added 2653 classes and 622 folders.
[2019.03.04-06.48.02:946][  0]LogContentBrowser: Native class hierarchy updated for 'WidgetCarousel' in 0.0005 seconds. Added 0 classes and 0 folders.
[2019.03.04-06.48.02:971][  0]LogPakFile: Registered encryption key '00000000000000000000000000000000': 0 pak files mounted, 0 remain pending
[2019.03.04-06.48.02:973][  0]LogPakFile: Registered encryption key '00000000000000000000000000000000': 0 pak files mounted, 0 remain pending
[2019.03.04-06.48.02:974][  0]LogPakFile: Registered encryption key '00000000000000000000000000000000': 0 pak files mounted, 0 remain pending
[2019.03.04-06.48.02:975][  0]LogPakFile: Registered encryption key '00000000000000000000000000000000': 0 pak files mounted, 0 remain pending
[2019.03.04-06.48.02:976][  0]LogPakFile: Registered encryption key '00000000000000000000000000000000': 0 pak files mounted, 0 remain pending
[2019.03.04-06.48.02:976][  0]LogPakFile: Registered encryption key '00000000000000000000000000000000': 0 pak files mounted, 0 remain pending
[2019.03.04-06.48.02:977][  0]LogPakFile: Registered encryption key '00000000000000000000000000000000': 0 pak files mounted, 0 remain pending
[2019.03.04-06.48.02:978][  0]LogPakFile: Registered encryption key '00000000000000000000000000000000': 0 pak files mounted, 0 remain pending
[2019.03.04-06.48.02:979][  0]LogPakFile: Registered encryption key '00000000000000000000000000000000': 0 pak files mounted, 0 remain pending
[2019.03.04-06.48.02:980][  0]LogPakFile: Registered encryption key '00000000000000000000000000000000': 0 pak files mounted, 0 remain pending
[2019.03.04-06.48.02:980][  0]LogPakFile: Registered encryption key '00000000000000000000000000000000': 0 pak files mounted, 0 remain pending
[2019.03.04-06.48.02:981][  0]LogPakFile: Registered encryption key '00000000000000000000000000000000': 0 pak files mounted, 0 remain pending
[2019.03.04-06.48.02:982][  0]LogPakFile: Registered encryption key '00000000000000000000000000000000': 0 pak files mounted, 0 remain pending
[2019.03.04-06.48.02:983][  0]LogPakFile: Registered encryption key '00000000000000000000000000000000': 0 pak files mounted, 0 remain pending
[2019.03.04-06.48.02:984][  0]LogPakFile: Registered encryption key '00000000000000000000000000000000': 0 pak files mounted, 0 remain pending
[2019.03.04-06.48.02:984][  0]LogPakFile: Registered encryption key '00000000000000000000000000000000': 0 pak files mounted, 0 remain pending
[2019.03.04-06.48.02:985][  0]LogPakFile: Registered encryption key '00000000000000000000000000000000': 0 pak files mounted, 0 remain pending
[2019.03.04-06.48.02:987][  0]LogPakFile: Registered encryption key '00000000000000000000000000000000': 0 pak files mounted, 0 remain pending
[2019.03.04-06.48.02:988][  0]LogPakFile: Registered encryption key '00000000000000000000000000000000': 0 pak files mounted, 0 remain pending
[2019.03.04-06.48.02:989][  0]LogPakFile: Registered encryption key '00000000000000000000000000000000': 0 pak files mounted, 0 remain pending
[2019.03.04-06.48.02:990][  0]LogPakFile: Registered encryption key '00000000000000000000000000000000': 0 pak files mounted, 0 remain pending
[2019.03.04-06.48.02:991][  0]LogPakFile: Registered encryption key '00000000000000000000000000000000': 0 pak files mounted, 0 remain pending
[2019.03.04-06.48.02:992][  0]LogPakFile: Registered encryption key '00000000000000000000000000000000': 0 pak files mounted, 0 remain pending
[2019.03.04-06.48.02:993][  0]LogPakFile: Registered encryption key '00000000000000000000000000000000': 0 pak files mounted, 0 remain pending
[2019.03.04-06.48.02:994][  0]LogPakFile: Registered encryption key '00000000000000000000000000000000': 0 pak files mounted, 0 remain pending
[2019.03.04-06.48.02:995][  0]LogPakFile: Registered encryption key '00000000000000000000000000000000': 0 pak files mounted, 0 remain pending
[2019.03.04-06.48.03:850][  0]LogContentBrowser: Native class hierarchy updated for 'AddContentDialog' in 0.0006 seconds. Added 0 classes and 0 folders.
[2019.03.04-06.48.03:861][  0]LogContentBrowser: Native class hierarchy updated for 'SceneOutliner' in 0.0006 seconds. Added 1 classes and 2 folders.
[2019.03.04-06.48.03:879][  0]LogSlate: Took 0.000211 seconds to synchronously load lazily loaded font '../../../Engine/Content/Slate/Fonts/Roboto-Regular.ttf' (155K)
[2019.03.04-06.48.03:882][  0]LogSlate: Took 0.000213 seconds to synchronously load lazily loaded font '../../../Engine/Content/Slate/Fonts/Roboto-Bold.ttf' (160K)
[2019.03.04-06.48.03:944][  0]LogSlate: Took 0.055265 seconds to synchronously load lazily loaded font '../../../Engine/Content/Editor/Slate/Fonts/FontAwesome.ttf' (139K)
[2019.03.04-06.48.04:069][  0]LogRenderer: Reallocating scene render targets to support 964x436 Format 10 NumSamples 1 (Frame:1).
[2019.03.04-06.48.04:183][  0]LogSlate: Took 0.014389 seconds to synchronously load lazily loaded font '../../../Engine/Content/Slate/Fonts/Roboto-Light.ttf' (167K)
[2019.03.04-06.48.04:320][  0]LogContentBrowser: Native class hierarchy updated for 'HierarchicalLODOutliner' in 0.0006 seconds. Added 0 classes and 0 folders.
[2019.03.04-06.48.04:320][  0]LogLoad: (Engine Initialization) Total time: 17.51 seconds
[2019.03.04-06.48.04:320][  0]LogLoad: (Engine Initialization) Total Blueprint compile time: 0.00 seconds
[2019.03.04-06.48.04:378][  0]LogContentStreaming: Texture pool size now 1000 MB
[2019.03.04-06.48.04:656][  2]LogAssetRegistry: Asset discovery search completed in 10.3119 seconds
[2019.03.04-06.48.04:662][  2]LogCollectionManager: Rebuilt the object cache for 0 collections in 0.000000 seconds (found 0 objects)
[2019.03.04-06.48.04:662][  2]LogCollectionManager: Fixed up redirectors for 0 collections in 0.000216 seconds (updated 0 objects)
[2019.03.04-06.48.57:956][442]LogSlate: FSceneViewport::OnFocusLost() reason 0
[2019.03.04-06.48.58:117][455]LogEditor: Attempting to add actor of class 'MyActor' to level at -130.00,80.00,30.00
[2019.03.04-06.48.58:117][455]LogActor: Warning: MyActor /Game/StarterContent/Maps/Minimal_Default.Minimal_Default:PersistentLevel.MyActor_0 has natively added scene component(s), but none of them were set as the actor's RootComponent - picking one arbitrarily
[2019.03.04-06.48.59:872][549]LogEditor: Attempting to add actor of class 'MyActor' to level at -190.00,-100.00,30.00
[2019.03.04-06.48.59:872][549]LogActor: Warning: MyActor /Game/StarterContent/Maps/Minimal_Default.Minimal_Default:PersistentLevel.MyActor_1 has natively added scene component(s), but none of them were set as the actor's RootComponent - picking one arbitrarily
[2019.03.04-06.49.04:224][900]LogSlate: Took 0.035162 seconds to synchronously load lazily loaded font '../../../Engine/Content/Slate/Fonts/Roboto-Light.ttf' (167K)
[2019.03.04-06.49.04:226][900]LogSlate: FSceneViewport::OnFocusLost() reason 2
[2019.03.04-06.49.04:281][900]LogSlate: FSceneViewport::OnFocusLost() reason 2
[2019.03.04-06.49.52:806][287]LogBlueprintUserMessages: Early PlayInEditor Detection: Level '/Game/StarterContent/Maps/Minimal_Default.Minimal_Default:PersistentLevel' has LevelScriptBlueprint '/Game/StarterContent/Maps/Minimal_Default.Minimal_Default:PersistentLevel.Minimal_Default' with GeneratedClass '/Game/StarterContent/Maps/Minimal_Default.Minimal_Default_C' with ClassGeneratedBy '/Game/StarterContent/Maps/Minimal_Default.Minimal_Default:PersistentLevel.Minimal_Default'
[2019.03.04-06.49.52:806][287]LogPlayLevel: PlayLevel: No blueprints needed recompiling
[2019.03.04-06.49.52:807][287]PIE: New page: SIE session: Minimal_Default (Mar 4, 2019, 8:49:52 AM)
[2019.03.04-06.49.52:841][287]LogPlayLevel: Creating play world package: /Game/StarterContent/Maps/UEDPIE_0_Minimal_Default
[2019.03.04-06.49.52:847][287]LogPlayLevel: PIE: StaticDuplicateObject took: (0.005455s)
[2019.03.04-06.49.52:872][287]LogAIModule: Creating AISystem for world Minimal_Default
[2019.03.04-06.49.52:872][287]LogPlayLevel: PIE: World Init took: (0.001024s)
[2019.03.04-06.49.52:872][287]LogPlayLevel: PIE: Created PIE world by copying editor world from /Game/StarterContent/Maps/Minimal_Default.Minimal_Default to /Game/StarterContent/Maps/UEDPIE_0_Minimal_Default.Minimal_Default (0.031696s)
[2019.03.04-06.49.52:972][287]LogInit: XAudio2 using 'Speakers (Realtek High Definition Audio)' : 2 channels at 48 kHz using 16 bits per sample (channel mask 0x3)
[2019.03.04-06.49.53:005][287]LogInit: FAudioDevice initialized.
[2019.03.04-06.49.53:091][287]LogUObjectGlobals: Warning: Failed to find object 'Class /Script/Tutorial.TutorialGameMode'
[2019.03.04-06.49.53:091][287]LogLoad: Game class is 'GameModeBase'
[2019.03.04-06.49.53:199][287]LogWorld: Bringing World /Game/StarterContent/Maps/UEDPIE_0_Minimal_Default.Minimal_Default up for play (max tick rate 0) at 2019.03.04-07.49.53
[2019.03.04-06.49.53:221][287]LogWorld: Bringing up level for play took: 0.023012
[2019.03.04-06.49.53:339][287]LogContentBrowser: Native class hierarchy updated for 'MovieSceneCapture' in 0.0013 seconds. Added 20 classes and 0 folders.
[2019.03.04-06.49.53:342][287]PIE: Play in editor start time for /Game/StarterContent/Maps/UEDPIE_0_Minimal_Default 0.563
[2019.03.04-06.49.53:461][287]LogBlueprintUserMessages: Late PlayInEditor Detection: Level '/Game/StarterContent/Maps/Minimal_Default.Minimal_Default:PersistentLevel' has LevelScriptBlueprint '/Game/StarterContent/Maps/Minimal_Default.Minimal_Default:PersistentLevel.Minimal_Default' with GeneratedClass '/Game/StarterContent/Maps/Minimal_Default.Minimal_Default_C' with ClassGeneratedBy '/Game/StarterContent/Maps/Minimal_Default.Minimal_Default:PersistentLevel.Minimal_Default'
[2019.03.04-06.49.53:880][297]LogEditorViewport: Clicking on Actor (LMB): BP_Sky_Sphere_C (BP_Sky_Sphere)
[2019.03.04-06.49.56:747][497]LogSlate: FSceneViewport::OnFocusLost() reason 0
[2019.03.04-06.49.56:824][504]LogBlueprintUserMessages: Early EndPlayMap Detection: Level '/Game/StarterContent/Maps/Minimal_Default.Minimal_Default:PersistentLevel' has LevelScriptBlueprint '/Game/StarterContent/Maps/Minimal_Default.Minimal_Default:PersistentLevel.Minimal_Default' with GeneratedClass '/Game/StarterContent/Maps/Minimal_Default.Minimal_Default_C' with ClassGeneratedBy '/Game/StarterContent/Maps/Minimal_Default.Minimal_Default:PersistentLevel.Minimal_Default'
[2019.03.04-06.49.56:827][504]LogSlate: Updating window title bar state: overlay mode, drag disabled, window buttons hidden, title bar hidden
[2019.03.04-06.49.56:869][504]LogPlayLevel: Display: Shutting down PIE online subsystems
[2019.03.04-06.49.56:870][504]LogBlueprintUserMessages: Late EndPlayMap Detection: Level '/Game/StarterContent/Maps/Minimal_Default.Minimal_Default:PersistentLevel' has LevelScriptBlueprint '/Game/StarterContent/Maps/Minimal_Default.Minimal_Default:PersistentLevel.Minimal_Default' with GeneratedClass '/Game/StarterContent/Maps/Minimal_Default.Minimal_Default_C' with ClassGeneratedBy '/Game/StarterContent/Maps/Minimal_Default.Minimal_Default:PersistentLevel.Minimal_Default'
[2019.03.04-06.49.56:901][504]LogSlate: Updating window title bar state: overlay mode, drag disabled, window buttons hidden, title bar hidden
[2019.03.04-06.49.56:977][505]LogPlayLevel: Display: Destroying online subsystem :Context_2
[2019.03.04-06.58.08:723][239]LogSavePackage: Moving '../../../../../../Users/takki/Documents/UnrealTutorial/Tutorial/Saved/Minimal_Default_Auto174085BF944A6495AE87B2B938C8ED110.tmp' to '../../../../../../Users/takki/Documents/UnrealTutorial/Tutorial/Saved/Autosaves/Game/StarterContent/Maps/Minimal_Default_Auto1.umap'
[2019.03.04-06.58.08:728][239]LogFileHelpers: Editor autosave (incl. sublevels) for '/Game/StarterContent/Maps/Minimal_Default' took 0.192
[2019.03.04-06.58.08:729][239]LogFileHelpers: Editor autosave (incl. sublevels) for all levels took 0.192
